[debug] [2022-07-20T06:47:42.640Z] ----------------------------------------------------------------------
[debug] [2022-07-20T06:47:42.644Z] Command:       C:\Program Files\nodejs\node.exe C:\Users\home\AppData\Roaming\npm\node_modules\firebase-tools\lib\bin\firebase.js init
[debug] [2022-07-20T06:47:42.645Z] CLI Version:   11.3.0
[debug] [2022-07-20T06:47:42.645Z] Platform:      win32
[debug] [2022-07-20T06:47:42.645Z] Node Version:  v16.15.1
[debug] [2022-07-20T06:47:42.648Z] Time:          Wed Jul 20 2022 12:17:42 GMT+0530 (India Standard Time)
[debug] [2022-07-20T06:47:42.648Z] ----------------------------------------------------------------------
[debug] 
[debug] [2022-07-20T06:47:42.763Z] > command requires scopes: ["email","openid","https://www.googleapis.com/auth/cloudplatformprojects.readonly","https://www.googleapis.com/auth/firebase","https://www.googleapis.com/auth/cloud-platform"]
[debug] [2022-07-20T06:47:42.764Z] > authorizing via signed-in user (dev@zinomy.com)
[info] 
     ######## #### ########  ######## ########     ###     ######  ########
     ##        ##  ##     ## ##       ##     ##  ##   ##  ##       ##
     ######    ##  ########  ######   ########  #########  ######  ######
     ##        ##  ##    ##  ##       ##     ## ##     ##       ## ##
     ##       #### ##     ## ######## ########  ##     ##  ######  ########

You're about to initialize a Firebase project in this directory:

  C:\Users\home\Documents\work\react-app

Before we get started, keep in mind:

  * You are initializing within an existing Firebase project directory

[info] 
=== Project Setup
[info] 
[info] First, let's associate this project directory with a Firebase project.
[info] You can create multiple project aliases by running firebase use --add, 
[info] but for now we'll just set up a default project.
[info] 
[debug] [2022-07-20T06:47:52.795Z] Using project from CLI flag: capita-by-zinomy
[debug] [2022-07-20T06:47:52.812Z] >>> [apiv2][query] GET https://firebase.googleapis.com/v1beta1/projects/capita-by-zinomy [none]
[debug] [2022-07-20T06:47:53.833Z] <<< [apiv2][status] GET https://firebase.googleapis.com/v1beta1/projects/capita-by-zinomy 200
[debug] [2022-07-20T06:47:53.834Z] <<< [apiv2][body] GET https://firebase.googleapis.com/v1beta1/projects/capita-by-zinomy {"projectId":"capita-by-zinomy","projectNumber":"503290582779","displayName":"capita by zinomy","name":"projects/capita-by-zinomy","resources":{"hostingSite":"capita-by-zinomy"},"state":"ACTIVE"}
[info] i  Using project capita-by-zinomy (capita by zinomy) 
[info] 
=== Hosting:github Setup
[info] 
[info] i  Detected a .git folder at C:\Users\home\Documents\work\react-app 
[info] i  Authorizing with GitHub to upload your service account to a GitHub repository's secrets store. 
[info] 
[info] Visit this URL on this device to log in:
[info] https://github.com/login/oauth/authorize?client_id=89cf50f02ac6aaed3484&state=152730580&redirect_uri=http%3A%2F%2Flocalhost%3A9005&scope=read%3Auser%20repo%20public_repo
[info] 
[info] Waiting for authentication...
